2025-02-03 21:46:00 | INFO | repo=Filmgunu | action=commit
2025-08-25 17:00:00 | DEBUG | repo=Filmgunu | action=commit
2025-02-11 19:50:00 | DEBUG | repo=Filmgunu | action=commit
2025-12-18 11:12:00 | WARN | repo=Filmgunu | action=commit
2025-03-14 20:40:00 | WARN | repo=Filmgunu | action=commit
2025-03-26 10:44:00 | INFO | repo=Filmgunu | action=commit
2025-11-05 08:01:00 | DEBUG | repo=Filmgunu | action=commit
2025-10-15 09:13:00 | DEBUG | repo=Filmgunu | action=edit | files=3
2025-10-17 16:26:00 | DEBUG | repo=Filmgunu | action=commit
2025-02-20 19:36:00 | INFO | repo=Filmgunu | action=test | passed=true
2025-06-08 19:18:00 | INFO | repo=Filmgunu | action=test | passed=true
2025-08-15 19:44:00 | WARN | repo=Filmgunu | action=edit | files=5
2025-04-28 19:21:00 | WARN | repo=Filmgunu | action=commit
2025-07-16 08:17:00 | DEBUG | repo=Filmgunu | action=commit
2025-06-03 13:15:00 | DEBUG | repo=Filmgunu | action=edit | files=2
2025-04-26 09:15:00 | WARN | repo=Filmgunu | action=commit
2025-09-05 16:10:00 | DEBUG | repo=Filmgunu | action=commit
2025-10-09 08:19:00 | DEBUG | repo=Filmgunu | action=test | passed=true
2025-03-15 07:25:00 | INFO | repo=Filmgunu | action=pull
2025-12-17 13:45:00 | INFO | repo=Filmgunu | action=commit
2025-10-11 20:27:00 | WARN | repo=Filmgunu | action=commit
2025-09-21 10:55:00 | WARN | repo=Filmgunu | action=commit
2025-05-09 09:29:00 | INFO | repo=Filmgunu | action=commit
2025-07-05 12:33:00 | DEBUG | repo=Filmgunu | action=commit
2025-01-11 21:35:00 | INFO | repo=Filmgunu | action=commit
2025-02-12 16:41:00 | INFO | repo=Filmgunu | action=commit
2025-05-20 13:38:00 | WARN | repo=Filmgunu | action=commit
2025-07-10 17:30:00 | DEBUG | repo=Filmgunu | action=commit
2025-05-05 07:28:00 | INFO | repo=Filmgunu | action=commit
2025-02-26 20:23:00 | DEBUG | repo=Filmgunu | action=commit
2025-09-12 15:27:00 | INFO | repo=Filmgunu | action=commit
2025-11-03 12:52:00 | WARN | repo=Filmgunu | action=commit
2025-04-21 14:56:00 | DEBUG | repo=Filmgunu | action=commit
2025-09-03 08:50:00 | INFO | repo=Filmgunu | action=commit
2025-02-07 11:19:00 | INFO | repo=Filmgunu | action=commit
2025-01-09 18:43:00 | WARN | repo=Filmgunu | action=test | passed=true
2025-06-25 13:35:00 | INFO | repo=Filmgunu | action=commit
2025-01-08 07:33:00 | WARN | repo=Filmgunu | action=commit
2025-05-05 08:23:00 | DEBUG | repo=Filmgunu | action=pull
2025-11-16 17:22:00 | DEBUG | repo=Filmgunu | action=commit
2025-11-10 10:09:00 | INFO | repo=Filmgunu | action=commit
2025-12-01 08:34:00 | DEBUG | repo=Filmgunu | action=pull
2025-11-08 17:32:00 | DEBUG | repo=Filmgunu | action=commit
2025-07-15 11:27:00 | WARN | repo=Filmgunu | action=commit
2025-06-22 11:26:00 | DEBUG | repo=Filmgunu | action=commit
2025-05-28 11:52:00 | WARN | repo=Filmgunu | action=edit | files=2
2025-08-01 19:16:00 | INFO | repo=Filmgunu | action=commit
2025-09-28 09:57:00 | INFO | repo=Filmgunu | action=commit
2025-12-27 18:35:00 | DEBUG | repo=Filmgunu | action=edit | files=2
2025-08-12 08:22:00 | WARN | repo=Filmgunu | action=commit
2025-07-18 15:35:00 | INFO | repo=Filmgunu | action=commit
2025-10-24 21:01:00 | WARN | repo=Filmgunu | action=edit | files=2
2025-02-17 10:15:00 | WARN | repo=Filmgunu | action=commit
2025-09-20 09:06:00 | DEBUG | repo=Filmgunu | action=pull
2025-09-03 10:31:00 | DEBUG | repo=Filmgunu | action=commit
2025-04-05 15:25:00 | DEBUG | repo=Filmgunu | action=commit
2025-04-16 19:37:00 | INFO | repo=Filmgunu | action=test | passed=true
2025-04-14 20:11:00 | WARN | repo=Filmgunu | action=commit
2025-11-20 12:17:00 | WARN | repo=Filmgunu | action=commit
2025-12-06 07:03:00 | INFO | repo=Filmgunu | action=edit | files=5
2025-11-01 17:50:00 | INFO | repo=Filmgunu | action=commit
2025-07-27 07:59:00 | WARN | repo=Filmgunu | action=commit
2025-03-06 20:12:00 | DEBUG | repo=Filmgunu | action=pull
2025-02-21 13:48:00 | WARN | repo=Filmgunu | action=edit | files=4
2025-12-03 20:38:00 | DEBUG | repo=Filmgunu | action=commit
2025-11-13 16:02:00 | WARN | repo=Filmgunu | action=commit
2025-12-23 17:19:00 | WARN | repo=Filmgunu | action=commit
2025-04-05 17:19:00 | INFO | repo=Filmgunu | action=commit
2025-12-05 16:05:00 | DEBUG | repo=Filmgunu | action=commit
2025-11-18 14:09:00 | DEBUG | repo=Filmgunu | action=commit
2025-07-01 13:21:00 | DEBUG | repo=Filmgunu | action=commit
2025-07-09 18:16:00 | DEBUG | repo=Filmgunu | action=commit
2025-09-16 17:24:00 | WARN | repo=Filmgunu | action=commit
2025-05-02 17:57:00 | INFO | repo=Filmgunu | action=commit
2025-08-16 07:13:00 | DEBUG | repo=Filmgunu | action=commit
2025-03-12 12:48:00 | INFO | repo=Filmgunu | action=commit
2025-01-23 21:46:00 | DEBUG | repo=Filmgunu | action=commit
2025-06-24 13:55:00 | DEBUG | repo=Filmgunu | action=test | passed=true
2025-12-18 07:11:00 | INFO | repo=Filmgunu | action=commit
2025-08-01 07:36:00 | WARN | repo=Filmgunu | action=edit | files=5
2025-03-01 21:16:00 | DEBUG | repo=Filmgunu | action=commit
2025-06-22 10:53:00 | DEBUG | repo=Filmgunu | action=commit
2025-10-10 15:57:00 | INFO | repo=Filmgunu | action=pull
2025-11-25 12:57:00 | DEBUG | repo=Filmgunu | action=commit
2025-01-17 12:14:00 | DEBUG | repo=Filmgunu | action=commit
2025-07-26 14:39:00 | INFO | repo=Filmgunu | action=commit
2025-07-24 08:00:00 | WARN | repo=Filmgunu | action=commit
2025-10-02 17:28:00 | DEBUG | repo=Filmgunu | action=test | passed=true
2025-01-21 18:10:00 | INFO | repo=Filmgunu | action=commit
2025-07-26 16:57:00 | INFO | repo=Filmgunu | action=commit
2025-04-22 13:33:00 | DEBUG | repo=Filmgunu | action=commit
2025-05-09 19:02:00 | WARN | repo=Filmgunu | action=commit
2025-01-24 07:08:00 | INFO | repo=Filmgunu | action=commit
2025-06-27 11:27:00 | DEBUG | repo=Filmgunu | action=pull
2025-10-14 08:50:00 | INFO | repo=Filmgunu | action=commit
2025-04-26 21:31:00 | INFO | repo=Filmgunu | action=commit
2025-02-26 07:18:00 | WARN | repo=Filmgunu | action=commit
2025-08-07 15:03:00 | DEBUG | repo=Filmgunu | action=commit
2025-12-05 15:59:00 | WARN | repo=Filmgunu | action=commit
2025-09-06 07:55:00 | DEBUG | repo=Filmgunu | action=commit
2025-02-24 11:05:00 | DEBUG | repo=Filmgunu | action=pull
2025-11-02 07:59:00 | DEBUG | repo=Filmgunu | action=pull
2025-06-25 18:39:00 | WARN | repo=Filmgunu | action=commit
2025-08-01 17:37:00 | DEBUG | repo=Filmgunu | action=test | passed=true
2025-09-07 21:14:00 | DEBUG | repo=Filmgunu | action=test | passed=true
2026-08-15 18:37:00 | INFO | repo=Filmgunu | action=pull
2026-08-13 19:08:00 | INFO | repo=Filmgunu | action=commit
2026-01-23 08:11:00 | WARN | repo=Filmgunu | action=commit
2026-05-14 17:22:00 | INFO | repo=Filmgunu | action=pull
2026-09-26 20:59:00 | DEBUG | repo=Filmgunu | action=commit
2026-01-04 21:47:00 | WARN | repo=Filmgunu | action=test | passed=true
2026-05-27 18:17:00 | WARN | repo=Filmgunu | action=commit
2026-05-04 11:24:00 | DEBUG | repo=Filmgunu | action=test | passed=true
2026-06-02 10:34:00 | WARN | repo=Filmgunu | action=commit
2026-06-27 12:22:00 | DEBUG | repo=Filmgunu | action=commit
2026-05-09 08:49:00 | INFO | repo=Filmgunu | action=test | passed=true
2026-07-27 20:09:00 | DEBUG | repo=Filmgunu | action=commit
2026-09-13 08:32:00 | WARN | repo=Filmgunu | action=commit
2025-08-19 07:00:00 | DEBUG | repo=Filmgunu | action=commit
2025-03-26 13:06:00 | WARN | repo=Filmgunu | action=commit
2025-06-02 07:15:00 | INFO | repo=Filmgunu | action=commit
2025-11-20 08:09:00 | INFO | repo=Filmgunu | action=pull
2025-12-16 10:39:00 | WARN | repo=Filmgunu | action=commit
2025-07-04 12:07:00 | WARN | repo=Filmgunu | action=commit
2025-04-18 18:58:00 | WARN | repo=Filmgunu | action=edit | files=2
2025-01-15 21:09:00 | INFO | repo=Filmgunu | action=commit
2025-01-08 21:07:00 | INFO | repo=Filmgunu | action=commit
2025-11-17 14:01:00 | WARN | repo=Filmgunu | action=edit | files=2
2025-10-15 13:52:00 | INFO | repo=Filmgunu | action=commit
2025-01-08 11:16:00 | DEBUG | repo=Filmgunu | action=commit
2025-01-06 07:00:00 | WARN | repo=Filmgunu | action=commit
2025-01-12 07:52:00 | INFO | repo=Filmgunu | action=pull
2025-02-16 21:38:00 | INFO | repo=Filmgunu | action=commit
2025-07-22 08:32:00 | INFO | repo=Filmgunu | action=commit
2025-09-06 07:22:00 | INFO | repo=Filmgunu | action=commit
2025-09-02 15:05:00 | INFO | repo=Filmgunu | action=commit
2025-08-24 11:24:00 | DEBUG | repo=Filmgunu | action=commit
2025-08-21 12:17:00 | INFO | repo=Filmgunu | action=pull
2025-12-22 11:03:00 | DEBUG | repo=Filmgunu | action=commit
2025-06-12 12:01:00 | INFO | repo=Filmgunu | action=commit
2025-10-17 08:33:00 | WARN | repo=Filmgunu | action=test | passed=true
2025-06-13 21:06:00 | WARN | repo=Filmgunu | action=commit
2025-04-01 08:36:00 | DEBUG | repo=Filmgunu | action=pull
2025-05-16 19:31:00 | WARN | repo=Filmgunu | action=commit
2025-02-01 14:11:00 | DEBUG | repo=Filmgunu | action=commit
2025-03-08 18:08:00 | WARN | repo=Filmgunu | action=commit
2025-07-14 08:25:00 | DEBUG | repo=Filmgunu | action=commit
2025-09-01 11:36:00 | INFO | repo=Filmgunu | action=pull
2025-02-08 08:18:00 | INFO | repo=Filmgunu | action=commit
2025-08-16 18:28:00 | DEBUG | repo=Filmgunu | action=commit
2025-12-25 16:08:00 | DEBUG | repo=Filmgunu | action=commit
2025-10-23 13:42:00 | DEBUG | repo=Filmgunu | action=commit
2025-12-04 12:14:00 | INFO | repo=Filmgunu | action=commit
2025-07-20 19:45:00 | WARN | repo=Filmgunu | action=commit
2025-01-21 07:21:00 | WARN | repo=Filmgunu | action=commit
2025-09-25 09:01:00 | INFO | repo=Filmgunu | action=commit
2025-12-16 18:55:00 | DEBUG | repo=Filmgunu | action=commit
2025-09-02 07:20:00 | DEBUG | repo=Filmgunu | action=pull
2025-12-04 16:20:00 | WARN | repo=Filmgunu | action=commit
2025-03-09 10:30:00 | WARN | repo=Filmgunu | action=test | passed=true
2025-08-18 11:53:00 | WARN | repo=Filmgunu | action=edit | files=4
2025-02-01 16:16:00 | DEBUG | repo=Filmgunu | action=commit
2025-11-16 08:35:00 | DEBUG | repo=Filmgunu | action=commit
2025-11-05 08:40:00 | WARN | repo=Filmgunu | action=commit
2025-11-06 18:24:00 | WARN | repo=Filmgunu | action=commit
2025-03-06 20:37:00 | INFO | repo=Filmgunu | action=commit
2025-01-15 13:30:00 | WARN | repo=Filmgunu | action=commit
2025-01-12 18:20:00 | WARN | repo=Filmgunu | action=edit | files=3
2025-03-27 11:29:00 | WARN | repo=Filmgunu | action=commit
2025-01-06 08:23:00 | DEBUG | repo=Filmgunu | action=commit
2025-08-12 14:41:00 | DEBUG | repo=Filmgunu | action=commit
2025-09-06 10:49:00 | INFO | repo=Filmgunu | action=commit
2025-02-22 12:12:00 | INFO | repo=Filmgunu | action=commit
2025-12-04 21:34:00 | WARN | repo=Filmgunu | action=commit
2025-05-01 16:12:00 | WARN | repo=Filmgunu | action=edit | files=1
2025-10-04 13:39:00 | DEBUG | repo=Filmgunu | action=edit | files=5
2025-02-09 13:07:00 | INFO | repo=Filmgunu | action=commit
2025-11-22 08:52:00 | DEBUG | repo=Filmgunu | action=commit
2025-06-23 17:58:00 | WARN | repo=Filmgunu | action=commit
2024-01-03 20:15:00 | INFO | repo=Filmgunu | action=commit
2024-12-16 10:04:00 | INFO | repo=Filmgunu | action=commit
2024-06-11 07:36:00 | INFO | repo=Filmgunu | action=commit
2024-05-07 08:35:00 | DEBUG | repo=Filmgunu | action=pull
2025-07-14 09:42:00 | INFO | repo=Filmgunu | action=commit
2025-12-17 13:24:00 | WARN | repo=Filmgunu | action=commit
2024-09-11 19:24:00 | DEBUG | repo=Filmgunu | action=test | passed=true
2024-07-03 21:37:00 | INFO | repo=Filmgunu | action=commit
2024-08-02 13:16:00 | DEBUG | repo=Filmgunu | action=commit
2024-09-07 18:24:00 | INFO | repo=Filmgunu | action=commit
2025-01-26 13:39:00 | INFO | repo=Filmgunu | action=commit
2024-03-11 09:57:00 | DEBUG | repo=Filmgunu | action=edit | files=5
2025-02-01 14:29:00 | DEBUG | repo=Filmgunu | action=commit
2024-05-03 16:19:00 | DEBUG | repo=Filmgunu | action=commit
2025-04-25 08:17:00 | WARN | repo=Filmgunu | action=test | passed=true
2025-07-01 14:11:00 | INFO | repo=Filmgunu | action=commit
2025-03-18 13:40:00 | DEBUG | repo=Filmgunu | action=commit
2025-03-04 21:38:00 | WARN | repo=Filmgunu | action=commit
2024-07-26 08:30:00 | INFO | repo=Filmgunu | action=commit
2025-09-01 14:04:00 | INFO | repo=Filmgunu | action=commit
2025-08-19 08:41:00 | WARN | repo=Filmgunu | action=test | passed=true
2024-12-08 20:12:00 | DEBUG | repo=Filmgunu | action=commit
2024-08-11 07:40:00 | INFO | repo=Filmgunu | action=commit
2025-06-11 07:33:00 | DEBUG | repo=Filmgunu | action=edit | files=3
2025-04-24 20:46:00 | WARN | repo=Filmgunu | action=commit
2025-07-11 17:54:00 | INFO | repo=Filmgunu | action=commit
2024-02-13 09:28:00 | INFO | repo=Filmgunu | action=commit
2025-06-04 16:32:00 | INFO | repo=Filmgunu | action=commit
2024-03-09 20:53:00 | WARN | repo=Filmgunu | action=edit | files=2
2025-04-07 09:09:00 | WARN | repo=Filmgunu | action=commit
2024-02-17 08:10:00 | INFO | repo=Filmgunu | action=edit | files=3
2025-12-14 19:19:00 | WARN | repo=Filmgunu | action=edit | files=5
2024-12-17 09:00:00 | DEBUG | repo=Filmgunu | action=commit
2024-10-19 10:31:00 | INFO | repo=Filmgunu | action=commit
2025-11-16 08:38:00 | DEBUG | repo=Filmgunu | action=commit
2024-05-21 14:02:00 | INFO | repo=Filmgunu | action=commit
2025-12-04 21:33:00 | WARN | repo=Filmgunu | action=commit
2025-04-23 10:25:00 | WARN | repo=Filmgunu | action=commit
2025-02-10 07:46:00 | DEBUG | repo=Filmgunu | action=commit
2024-11-11 08:30:00 | WARN | repo=Filmgunu | action=test | passed=true
2024-11-11 18:33:00 | INFO | repo=Filmgunu | action=commit
2024-07-21 17:32:00 | DEBUG | repo=Filmgunu | action=commit
2025-12-09 20:21:00 | WARN | repo=Filmgunu | action=commit
2024-12-26 07:23:00 | WARN | repo=Filmgunu | action=commit
2024-10-16 19:25:00 | DEBUG | repo=Filmgunu | action=edit | files=3
2024-09-17 20:03:00 | WARN | repo=Filmgunu | action=edit | files=5
2025-04-15 19:08:00 | INFO | repo=Filmgunu | action=test | passed=true
2024-07-14 14:17:00 | DEBUG | repo=Filmgunu | action=commit
2024-01-01 08:17:00 | WARN | repo=Filmgunu | action=edit | files=3
2024-11-17 08:52:00 | INFO | repo=Filmgunu | action=pull
2024-06-09 18:14:00 | INFO | repo=Filmgunu | action=edit | files=1
2025-05-07 08:38:00 | DEBUG | repo=Filmgunu | action=pull
2025-01-27 09:57:00 | WARN | repo=Filmgunu | action=commit
2025-05-14 14:48:00 | INFO | repo=Filmgunu | action=test | passed=true
2024-11-02 20:51:00 | DEBUG | repo=Filmgunu | action=pull
2024-04-11 17:22:00 | DEBUG | repo=Filmgunu | action=commit
2024-12-06 18:32:00 | DEBUG | repo=Filmgunu | action=pull
2025-07-14 08:15:00 | DEBUG | repo=Filmgunu | action=commit
2025-02-02 07:47:00 | WARN | repo=Filmgunu | action=edit | files=3
2025-01-23 11:59:00 | INFO | repo=Filmgunu | action=test | passed=true
2025-11-19 08:34:00 | INFO | repo=Filmgunu | action=pull
2025-08-21 16:23:00 | DEBUG | repo=Filmgunu | action=commit
2025-05-17 20:42:00 | INFO | repo=Filmgunu | action=commit
2025-07-23 07:33:00 | DEBUG | repo=Filmgunu | action=test | passed=true
2025-10-13 08:24:00 | INFO | repo=Filmgunu | action=edit | files=5
2025-02-13 21:29:00 | DEBUG | repo=Filmgunu | action=commit
2025-01-09 18:26:00 | INFO | repo=Filmgunu | action=pull
2025-04-28 10:09:00 | WARN | repo=Filmgunu | action=edit | files=4
2025-06-11 15:14:00 | INFO | repo=Filmgunu | action=commit
2025-09-14 13:23:00 | INFO | repo=Filmgunu | action=commit
2025-11-12 14:27:00 | INFO | repo=Filmgunu | action=commit
2025-07-07 09:10:00 | DEBUG | repo=Filmgunu | action=commit
2025-02-14 11:22:00 | WARN | repo=Filmgunu | action=commit
2025-10-08 07:50:00 | DEBUG | repo=Filmgunu | action=commit
2025-05-01 08:42:00 | WARN | repo=Filmgunu | action=commit
2025-08-21 16:36:00 | INFO | repo=Filmgunu | action=commit
2025-12-18 10:45:00 | WARN | repo=Filmgunu | action=commit
2025-01-04 17:38:00 | WARN | repo=Filmgunu | action=commit
2025-10-10 08:41:00 | DEBUG | repo=Filmgunu | action=commit
2025-03-26 15:22:00 | INFO | repo=Filmgunu | action=edit | files=2
2025-12-25 07:02:00 | WARN | repo=Filmgunu | action=commit
2025-07-19 09:16:00 | WARN | repo=Filmgunu | action=commit
2025-04-14 07:52:00 | WARN | repo=Filmgunu | action=commit
2025-04-06 20:27:00 | DEBUG | repo=Filmgunu | action=commit
2025-07-09 11:50:00 | DEBUG | repo=Filmgunu | action=commit
2025-05-17 12:00:00 | INFO | repo=Filmgunu | action=commit
2025-10-10 08:08:00 | INFO | repo=Filmgunu | action=commit
2025-07-08 18:07:00 | DEBUG | repo=Filmgunu | action=edit | files=5
2025-10-14 11:31:00 | DEBUG | repo=Filmgunu | action=commit
2025-12-06 17:08:00 | DEBUG | repo=Filmgunu | action=commit
2025-08-07 20:10:00 | DEBUG | repo=Filmgunu | action=commit
2025-07-28 12:08:00 | DEBUG | repo=Filmgunu | action=commit
2025-12-14 19:33:00 | WARN | repo=Filmgunu | action=commit
2025-02-14 08:47:00 | INFO | repo=Filmgunu | action=commit
2025-06-11 10:06:00 | WARN | repo=Filmgunu | action=commit
2025-04-22 10:58:00 | WARN | repo=Filmgunu | action=pull
2025-03-16 20:01:00 | WARN | repo=Filmgunu | action=commit
2025-04-03 16:11:00 | INFO | repo=Filmgunu | action=commit
2025-07-15 15:46:00 | DEBUG | repo=Filmgunu | action=test | passed=true
2025-01-25 16:41:00 | INFO | repo=Filmgunu | action=commit
2025-02-06 19:56:00 | WARN | repo=Filmgunu | action=commit
2025-10-16 20:58:00 | DEBUG | repo=Filmgunu | action=commit
2025-06-07 09:12:00 | INFO | repo=Filmgunu | action=edit | files=1
2025-10-03 18:08:00 | WARN | repo=Filmgunu | action=test | passed=true
2025-08-09 21:00:00 | WARN | repo=Filmgunu | action=commit
2025-02-03 16:46:00 | WARN | repo=Filmgunu | action=edit | files=2
2025-04-03 15:42:00 | INFO | repo=Filmgunu | action=commit
2025-01-03 17:39:00 | INFO | repo=Filmgunu | action=commit
2025-01-23 21:54:00 | DEBUG | repo=Filmgunu | action=test | passed=true
2025-04-11 07:04:00 | INFO | repo=Filmgunu | action=commit
2025-04-01 17:36:00 | WARN | repo=Filmgunu | action=commit
2025-09-09 20:33:00 | WARN | repo=Filmgunu | action=edit | files=4
2025-06-16 11:36:00 | WARN | repo=Filmgunu | action=commit
2025-05-18 19:03:00 | WARN | repo=Filmgunu | action=test | passed=true
2025-04-10 07:50:00 | INFO | repo=Filmgunu | action=test | passed=true
2025-06-17 16:41:00 | INFO | repo=Filmgunu | action=commit
2025-05-07 21:56:00 | INFO | repo=Filmgunu | action=test | passed=true
2025-12-17 13:27:00 | WARN | repo=Filmgunu | action=commit
2025-08-22 19:48:00 | WARN | repo=Filmgunu | action=edit | files=2
2025-06-17 15:08:00 | DEBUG | repo=Filmgunu | action=commit
2025-01-09 21:15:00 | INFO | repo=Filmgunu | action=commit
2025-02-28 10:01:00 | INFO | repo=Filmgunu | action=pull
2025-04-02 09:51:00 | WARN | repo=Filmgunu | action=commit
2025-08-02 13:30:00 | DEBUG | repo=Filmgunu | action=test | passed=true
2025-05-27 07:47:00 | DEBUG | repo=Filmgunu | action=commit
2025-11-24 16:49:00 | INFO | repo=Filmgunu | action=commit
2025-10-23 08:14:00 | INFO | repo=Filmgunu | action=commit
2025-05-09 10:18:00 | DEBUG | repo=Filmgunu | action=edit | files=4
2025-10-07 09:40:00 | DEBUG | repo=Filmgunu | action=edit | files=5
2025-07-04 11:47:00 | INFO | repo=Filmgunu | action=commit
2025-11-14 08:25:00 | DEBUG | repo=Filmgunu | action=pull
2025-10-08 12:50:00 | INFO | repo=Filmgunu | action=test | passed=true
2025-09-27 08:51:00 | INFO | repo=Filmgunu | action=commit
2025-08-01 20:07:00 | INFO | repo=Filmgunu | action=pull
2025-01-16 15:25:00 | WARN | repo=Filmgunu | action=commit
2025-03-11 20:46:00 | INFO | repo=Filmgunu | action=test | passed=true
2025-05-26 13:11:00 | WARN | repo=Filmgunu | action=test | passed=true
2025-03-14 07:23:00 | INFO | repo=Filmgunu | action=pull
2025-01-07 07:01:00 | WARN | repo=Filmgunu | action=commit
2025-04-26 20:32:00 | DEBUG | repo=Filmgunu | action=test | passed=true
2025-12-17 19:09:00 | WARN | repo=Filmgunu | action=commit
2025-02-06 08:59:00 | DEBUG | repo=Filmgunu | action=commit
2025-05-07 13:35:00 | INFO | repo=Filmgunu | action=commit
2025-04-06 08:28:00 | DEBUG | repo=Filmgunu | action=pull
2025-10-09 17:16:00 | INFO | repo=Filmgunu | action=commit
2025-12-24 19:24:00 | INFO | repo=Filmgunu | action=commit
2025-02-25 21:07:00 | DEBUG | repo=Filmgunu | action=commit
2025-04-27 19:20:00 | DEBUG | repo=Filmgunu | action=pull
2025-09-07 09:51:00 | WARN | repo=Filmgunu | action=commit
2025-02-20 14:41:00 | INFO | repo=Filmgunu | action=commit
2025-01-17 15:29:00 | INFO | repo=Filmgunu | action=commit
2025-10-11 08:04:00 | WARN | repo=Filmgunu | action=commit
2025-09-08 20:12:00 | INFO | repo=Filmgunu | action=commit
2025-03-09 08:30:00 | INFO | repo=Filmgunu | action=test | passed=true
2025-12-03 12:11:00 | WARN | repo=Filmgunu | action=commit
2025-10-15 20:02:00 | INFO | repo=Filmgunu | action=commit
2025-04-10 12:57:00 | WARN | repo=Filmgunu | action=edit | files=4
2025-11-21 20:51:00 | WARN | repo=Filmgunu | action=commit
2025-01-24 07:05:00 | INFO | repo=Filmgunu | action=commit
2025-07-02 21:03:00 | DEBUG | repo=Filmgunu | action=commit
2025-08-22 18:10:00 | INFO | repo=Filmgunu | action=commit
2025-05-09 17:00:00 | WARN | repo=Filmgunu | action=commit
2025-05-12 20:27:00 | INFO | repo=Filmgunu | action=pull
2025-09-26 07:45:00 | DEBUG | repo=Filmgunu | action=commit
2025-09-06 19:58:00 | DEBUG | repo=Filmgunu | action=commit
2025-08-27 07:35:00 | WARN | repo=Filmgunu | action=commit
2025-02-12 08:03:00 | WARN | repo=Filmgunu | action=commit
2025-05-15 21:31:00 | INFO | repo=Filmgunu | action=commit
2025-02-27 16:33:00 | WARN | repo=Filmgunu | action=commit
2025-07-15 14:06:00 | DEBUG | repo=Filmgunu | action=commit
2025-08-24 08:39:00 | DEBUG | repo=Filmgunu | action=commit
2025-09-19 19:18:00 | WARN | repo=Filmgunu | action=pull
2025-04-12 10:33:00 | WARN | repo=Filmgunu | action=commit
2025-12-19 20:11:00 | WARN | repo=Filmgunu | action=commit
2025-05-19 10:31:00 | INFO | repo=Filmgunu | action=test | passed=true
2025-03-22 08:44:00 | WARN | repo=Filmgunu | action=commit
2025-11-06 18:54:00 | INFO | repo=Filmgunu | action=edit | files=2
2025-12-27 19:23:00 | DEBUG | repo=Filmgunu | action=pull
2025-07-28 12:19:00 | INFO | repo=Filmgunu | action=commit
2025-01-15 11:05:00 | DEBUG | repo=Filmgunu | action=edit | files=5
2025-05-03 21:48:00 | INFO | repo=Filmgunu | action=commit
2025-12-25 11:41:00 | INFO | repo=Filmgunu | action=commit
2025-08-05 11:24:00 | INFO | repo=Filmgunu | action=commit
2025-01-10 14:39:00 | INFO | repo=Filmgunu | action=pull
2025-11-12 15:26:00 | INFO | repo=Filmgunu | action=pull
2025-03-21 14:04:00 | WARN | repo=Filmgunu | action=commit
2025-08-26 10:59:00 | INFO | repo=Filmgunu | action=commit
2025-07-04 11:40:00 | WARN | repo=Filmgunu | action=commit
2025-02-05 14:17:00 | DEBUG | repo=Filmgunu | action=commit
2025-02-11 07:34:00 | INFO | repo=Filmgunu | action=commit
2025-03-13 11:46:00 | INFO | repo=Filmgunu | action=test | passed=true
2025-11-16 08:40:00 | DEBUG | repo=Filmgunu | action=test | passed=true
2025-01-03 18:01:00 | DEBUG | repo=Filmgunu | action=pull
2025-05-10 08:26:00 | INFO | repo=Filmgunu | action=edit | files=3
2025-06-20 08:27:00 | WARN | repo=Filmgunu | action=commit
2025-03-13 15:30:00 | INFO | repo=Filmgunu | action=test | passed=true
2025-08-07 21:26:00 | WARN | repo=Filmgunu | action=commit
2025-12-07 21:37:00 | WARN | repo=Filmgunu | action=commit
2025-01-10 11:39:00 | DEBUG | repo=Filmgunu | action=commit
2025-04-25 08:00:00 | DEBUG | repo=Filmgunu | action=commit
2025-03-04 21:14:00 | WARN | repo=Filmgunu | action=commit
2025-11-04 09:58:00 | DEBUG | repo=Filmgunu | action=commit
2025-11-27 14:00:00 | INFO | repo=Filmgunu | action=commit
2025-09-09 14:52:00 | WARN | repo=Filmgunu | action=commit
2025-10-01 13:46:00 | WARN | repo=Filmgunu | action=commit
2025-10-16 21:03:00 | WARN | repo=Filmgunu | action=commit
2025-08-26 18:18:00 | DEBUG | repo=Filmgunu | action=pull
2025-02-28 14:08:00 | INFO | repo=Filmgunu | action=commit
2025-07-20 19:49:00 | DEBUG | repo=Filmgunu | action=commit
2025-07-20 13:37:00 | INFO | repo=Filmgunu | action=edit | files=1
2025-03-03 09:00:00 | DEBUG | repo=Filmgunu | action=pull
2025-09-16 15:23:00 | WARN | repo=Filmgunu | action=commit
2025-06-23 18:31:00 | INFO | repo=Filmgunu | action=commit
2025-02-23 21:15:00 | DEBUG | repo=Filmgunu | action=test | passed=true
2025-10-16 19:13:00 | WARN | repo=Filmgunu | action=test | passed=true
2025-09-10 08:00:00 | WARN | repo=Filmgunu | action=commit
2025-08-01 19:09:00 | DEBUG | repo=Filmgunu | action=commit
